2020-11-09 20:24:19.909637 ||| reg_check_login 11111
2020-11-09 20:24:20.207654 ||| reg 11111 uwrme2$91wvdm3du 'h\x87D\x84\x0fr1\xb0\xdf/B\xd4\x13x\xcf\xd0ga\x80/\xd6\x08xV\x80\xfc\xe3\xbcQ\xe32/'
2020-11-09 20:24:26.221998 ||| login_get_salt 11111
2020-11-09 20:24:26.400008 ||| login 11111 '\xbfdnH\xf1\x17\xfe\xb1Sv\x8fx\xf5"r\x8e*\xc8\x80\xf4q\xf2A4\x04\xcc\xf4\x81\xb4\x02\x90\x82'
2020-11-09 20:24:29.012157 ||| login_get_salt 11111
2020-11-09 20:24:29.177167 ||| login 11111 'h\x87D\x84\x0fr1\xb0\xdf/B\xd4\x13x\xcf\xd0ga\x80/\xd6\x08xV\x80\xfc\xe3\xbcQ\xe32/'
2020-11-09 20:24:31.436296 ||| get_all_rows fcf0cea5-d995-4bba-9abc-50b006dc9709
2020-11-09 20:41:11.298485 ||| login_get_salt 11111
2020-11-09 20:41:11.486496 ||| login 11111 'h\x87D\x84\x0fr1\xb0\xdf/B\xd4\x13x\xcf\xd0ga\x80/\xd6\x08xV\x80\xfc\xe3\xbcQ\xe32/'
2020-11-09 20:41:13.600617 ||| get_all_rows d50fa670-171b-43a7-9760-7fb40c4ef9fd
2020-11-09 20:41:19.218938 ||| add_row d50fa670-171b-43a7-9760-7fb40c4ef9fd 'Еуы' '' '#None#' 0000000000000000000000000000000000000000000000000000000000000000000000000000000000000000000000000000000000000000000000000000000000000000000000000000000000000000000000000000000000000000000000000000000000000000000000000000000000000000000000000000000000000000000000000000000000000000000000000000000000000000000000000000000000000000000000000000000000000000000000000000000000000000000000000000000000000000000000000000000000000000000000000000000000000000000000000000000000000000000000000000000000000000000000000000000000000000000000000000000000000000000000000000000000000000000000000000000000000000000000000000000000000000000000000000000000000000000000000000000000000000000000000000000000000000000000000000000000000000000000000000000000000000000000000000000000000000000000000000000000000000000000000000000000000000000000000000000000000000000000000000000000000000000000000000000000000000000000000000000000000000000000000000000000000000000000000000000000000000000000
===================================
2020-11-09 20:41:19.351946 ||| [WinError 2] Не удается найти указанный файл: '#None#'
===================================
2020-11-09 20:41:19.436950 ||| get_all_rows d50fa670-171b-43a7-9760-7fb40c4ef9fd
2020-11-09 20:41:53.103876 ||| reg_check_login 111111
2020-11-09 20:41:53.272886 ||| reg 111111 )zn)(troq1cy6dcu '\xa7\xd4)\xc3\xf7\xf7\x05\xb6\xb5@\xed\xe2jjA\x182\xbf\x12g\x07.\xb3\x8f\xc2\xf6\x8b\xb4\x83{\xe0O'
2020-11-09 20:41:58.582190 ||| login_get_salt 111111
2020-11-09 20:41:58.759199 ||| login 111111 '\xa7\xd4)\xc3\xf7\xf7\x05\xb6\xb5@\xed\xe2jjA\x182\xbf\x12g\x07.\xb3\x8f\xc2\xf6\x8b\xb4\x83{\xe0O'
2020-11-09 20:42:00.804317 ||| get_all_rows 134b24bb-a5b8-4540-a29f-11a7a9309130
2020-11-09 20:43:59.478104 ||| add_row 134b24bb-a5b8-4540-a29f-11a7a9309130 Test 'Если человек не желает прислушиваться к одному слову, то он и к тысяче не прислушается.' test.txt 000000000000000000000000000000000000000000000000000000000000000000000000000000000000000000000000000000000000000000000000000000000000000000000000000000000000000000000000000000000000000000000000000000000000000000000000000000000000000000000000000000000000000000000000000000000000000000000000000000000000000000000000000000000000000000000000000000000000000000000000000000000000000000000000000000000000000000000000000000000000000000000000000000000000000000000000000000000000000000000000000000000000000000000000000000000000000000000000000000000000000000000000000000000000000000000000000000000000000000000000000000000000000000000000000000000000000000000000000000000000000000000000000000000000000000000000000000000000000000000000000000000000000000000000000000000000000000000000000000000000000000000000000000000000
2020-11-09 20:43:59.766121 ||| get_all_rows 134b24bb-a5b8-4540-a29f-11a7a9309130
